[2024-02-29 15:32:44] START
[2024-02-29 15:33:08] DELETE SAS/views/generic.xml: -1
[2024-02-29 17:48:47] EDIT SAS/models/db.py: 3
[2024-02-29 17:48:56] EDIT SAS/models/db.py: 0
[2024-02-29 17:49:00] EDIT SAS/models/db.py: 0
[2024-02-29 17:50:09] EDIT SAS/models/db.py: -2
[2024-02-29 17:50:41] EDIT SAS/models/db.py: 0
[2024-02-29 19:09:38] EDIT SAS/models/db.py: 25
[2024-02-29 19:14:42] EDIT SAS/models/db.py: 0
[2024-02-29 19:15:24] EDIT SAS/models/db.py: 0
[2024-02-29 19:17:50] EDIT SAS/models/db.py: 0
[2024-02-29 19:25:07] EDIT SAS/models/db.py: -1
[2024-02-29 19:25:25] EDIT SAS/models/db.py: 1
[2024-02-29 19:30:54] EDIT SAS/models/db.py: -2
[2024-02-29 19:31:51] EDIT SAS/models/db.py: 0
[2024-02-29 19:33:41] EDIT SAS/models/db.py: 0
[2024-02-29 19:33:50] EDIT SAS/models/db.py: 0
[2024-02-29 19:34:01] EDIT SAS/models/db.py: 0
[2024-02-29 19:34:09] EDIT SAS/models/db.py: 0
[2024-02-29 19:34:18] EDIT SAS/models/db.py: 0
[2024-02-29 19:34:41] EDIT SAS/models/db.py: 0
[2024-02-29 19:35:00] EDIT SAS/models/db.py: 0
[2024-02-29 19:35:03] EDIT SAS/models/db.py: 0
[2024-02-29 19:35:21] EDIT SAS/models/db.py: 0
[2024-02-29 19:35:23] EDIT SAS/models/db.py: 0
[2024-02-29 19:35:29] EDIT SAS/models/db.py: 0
[2024-02-29 19:35:37] EDIT SAS/models/db.py: 0
[2024-02-29 19:35:50] EDIT SAS/models/db.py: 0
[2024-02-29 19:36:27] EDIT SAS/models/db.py: 0
[2024-02-29 19:37:28] EDIT SAS/models/db.py: 0
[2024-02-29 19:38:54] EDIT SAS/models/db.py: 0
[2024-02-29 19:41:02] EDIT SAS/models/db.py: 0
[2024-02-29 19:43:15] EDIT SAS/models/db.py: 0
[2024-02-29 19:44:16] EDIT SAS/models/db.py: -2
[2024-02-29 19:44:29] EDIT SAS/models/db.py: 0
[2024-02-29 19:45:01] EDIT SAS/models/db.py: 0
[2024-02-29 19:46:07] EDIT SAS/models/db.py: 0
[2024-02-29 19:46:08] EDIT SAS/models/db.py: 0
[2024-02-29 19:46:09] EDIT SAS/models/db.py: 0
[2024-02-29 19:47:39] EDIT SAS/models/db.py: 0
[2024-02-29 19:54:32] EDIT SAS/models/db.py: 0
[2024-02-29 19:55:56] EDIT SAS/models/db.py: 0
[2024-02-29 20:02:18] EDIT SAS/models/db.py: -24
[2024-02-29 20:02:52] EDIT SAS/models/db.py: 11
[2024-02-29 20:03:24] EDIT SAS/models/db.py: 8
[2024-02-29 20:05:27] EDIT SAS/models/db.py: 1
[2024-02-29 20:05:50] EDIT SAS/models/db.py: -9
[2024-02-29 20:10:03] EDIT SAS/models/db.py: 1
[2024-02-29 20:13:21] EDIT SAS/models/db.py: -1
[2024-02-29 20:14:19] EDIT SAS/models/db.py: 13
[2024-03-01 16:45:24] EDIT SAS/models/db.py: 0
[2024-03-01 17:31:40] EDIT SAS/controllers/salon.py: 3
[2024-03-01 17:32:05] EDIT SAS/controllers/salon.py: 0
[2024-03-01 17:32:51] EDIT SAS/controllers/salon.py: 0
[2024-03-01 17:33:16] EDIT SAS/controllers/salon.py: 0
[2024-03-01 17:33:45] EDIT SAS/controllers/salon.py: 0
[2024-03-01 18:23:08] EDIT SAS/models/db.py: 0
[2024-03-01 18:23:47] EDIT SAS/models/db.py: 0
[2024-03-01 19:38:49] EDIT SAS/models/db.py: 0
[2024-03-01 19:38:51] EDIT SAS/models/db.py: 0
[2024-03-01 19:39:31] EDIT SAS/controllers/salon.py: 0
